[+] Containers:
 |- [+] Container: /Game/ThirdPerson/Maps/ThirdPersonMap
 |   |- [+] ActorDescs:
 |   |   |- Guid:03B232BB45B3342E6F0306B841AAB353 BaseClass: NativeClass:/Script/Engine.StaticMeshActor Name:StaticMeshActor_UAID_D812651C34341E7E01_1180576513 Label:Cube19 SpatiallyLoaded:1 Bounds:IsValid=true, Min=(X=1285.690 Y=1602.109 Z=87.822), Max=(X=1410.690 Y=1702.109 Z=387.822) RuntimeGrid:None EditorOnly:0 RuntimeOnly:0 HLODRelevant:1
 |   |   |- Guid:1799DB95422399908363DAA04BDC9C8C BaseClass:/Game/Inventory_system/BP_ITEM2.BP_ITEM2_C NativeClass:/Script/Engine.Actor Name:BP_ITEM2_C_UAID_D812656F4D88FD7D01_1909376687 Label:BP_ITEM3 SpatiallyLoaded:1 Bounds:IsValid=true, Min=(X=1145.429 Y=1034.600 Z=333.036), Max=(X=1510.791 Y=1399.963 Z=684.516) RuntimeGrid:None EditorOnly:0 RuntimeOnly:0 HLODRelevant:0
 |   |   |- Guid:18B0BD014E4834465387988E3DFBC420 BaseClass: NativeClass:/Script/Engine.StaticMeshActor Name:StaticMeshActor_UAID_D812651C34341D7E01_1950873321 Label:Cube3 SpatiallyLoaded:1 Bounds:IsValid=true, Min=(X=1223.190 Y=2659.757 Z=-43.195), Max=(X=1473.190 Y=2759.757 Z=56.805) RuntimeGrid:None EditorOnly:0 RuntimeOnly:0 HLODRelevant:1
 |   |   |- Guid:279774E94E111F30F83246A7169E67A9 BaseClass: NativeClass:/Script/Engine.StaticMeshActor Name:StaticMeshActor_UAID_D812651C34341D7E01_2042825333 Label:Cube15 SpatiallyLoaded:1 Bounds:IsValid=true, Min=(X=1054.966 Y=1119.934 Z=-18.445), Max=(X=1679.966 Y=2219.934 Z=381.555) RuntimeGrid:None EditorOnly:0 RuntimeOnly:0 HLODRelevant:1
 |   |   |- Guid:282D5C014C2A06CE186AE7BC438865BC BaseClass: NativeClass:/Script/Engine.StaticMeshActor Name:StaticMeshActor_UAID_D812651C34341D7E01_1979937323 Label:Cube5 SpatiallyLoaded:1 Bounds:IsValid=true, Min=(X=1223.190 Y=2575.093 Z=-48.710), Max=(X=1473.190 Y=2675.093 Z=101.290) RuntimeGrid:None EditorOnly:0 RuntimeOnly:0 HLODRelevant:1
 |   |   |- Guid:2A74EBED4C790EA23C23B7B50A9DAAF1 BaseClass: NativeClass:/Script/Engine.StaticMeshActor Name:StaticMeshActor_UAID_D812656F8EFE837D01_1489726215 Label:SwordAsset SpatiallyLoaded:1 Bounds:IsValid=true, Min=(X=1880.000 Y=630.000 Z=0.000), Max=(X=1880.000 Y=630.000 Z=0.000) RuntimeGrid:None EditorOnly:0 RuntimeOnly:0 HLODRelevant:0
 |   |   |- Guid:2FB58999456391D349DC0F86DAC136ED BaseClass: NativeClass:/Script/Engine.SkyLight Name:SkyLight_1 Label:SkyLight SpatiallyLoaded:0 Bounds:IsValid=true, Min=(X=0.000 Y=0.000 Z=690.000), Max=(X=0.000 Y=0.000 Z=690.000) RuntimeGrid:None EditorOnly:0 RuntimeOnly:0 HLODRelevant:0 FolderPath:Lighting FolderGuid:963EC3EB4002CCE9759E2EBA541A873A
 |   |   |- Guid:316CF2A6494ACA4C0E4180A87D36AB8F BaseClass: NativeClass:/Script/Engine.ExponentialHeightFog Name:ExponentialHeightFog_0 Label:ExponentialHeightFog SpatiallyLoaded:0 Bounds:IsValid=true, Min=(X=-5600.000 Y=-50.000 Z=-6850.000), Max=(X=-5600.000 Y=-50.000 Z=-6850.000) RuntimeGrid:None EditorOnly:0 RuntimeOnly:0 HLODRelevant:0 FolderPath:Lighting FolderGuid:963EC3EB4002CCE9759E2EBA541A873A
 |   |   |- Guid:3F3E1FAD4DAA116747E6A19264CB34B8 BaseClass: NativeClass:/Script/Engine.StaticMeshActor Name:StaticMeshActor_UAID_D812651C34341E7E01_1276740517 Label:Cube23 SpatiallyLoaded:1 Bounds:IsValid=true, Min=(X=1273.190 Y=1196.939 Z=459.463), Max=(X=1423.190 Y=1246.939 Z=484.463) RuntimeGrid:None EditorOnly:0 RuntimeOnly:0 HLODRelevant:1
 |   |   |- Guid:41E71A0342658F1967F0CD97475B340A BaseClass: NativeClass:/Script/Engine.StaticMeshActor Name:StaticMeshActor_UAID_D812651C34341D7E01_1947161320 Label:Cube2 SpatiallyLoaded:1 Bounds:IsValid=true, Min=(X=1223.190 Y=2708.105 Z=-67.442), Max=(X=1473.190 Y=2808.105 Z=32.558) RuntimeGrid:None EditorOnly:0 RuntimeOnly:0 HLODRelevant:1
 |   |   |- Guid:43815E84492231AFC407F59E3C28176B BaseClass: NativeClass:/Script/Engine.StaticMeshActor Name:StaticMeshActor_4 Label:SM_Cube6 SpatiallyLoaded:1 Bounds:IsValid=true, Min=(X=2900.000 Y=100.000 Z=0.000), Max=(X=3000.000 Y=3400.000 Z=400.000) RuntimeGrid:None EditorOnly:0 RuntimeOnly:0 HLODRelevant:1 FolderPath:Playground FolderGuid:C73F09FC4215536B1DCE2A9E0A830C70
 |   |   |- Guid:4D3BE93F4146AAAC8BBE79999D96D57F BaseClass: NativeClass:/Script/Engine.VolumetricCloud Name:VolumetricCloud_0 Label:VolumetricCloud SpatiallyLoaded:0 Bounds:IsValid=true, Min=(X=0.000 Y=0.000 Z=820.000), Max=(X=0.000 Y=0.000 Z=820.000) RuntimeGrid:None EditorOnly:0 RuntimeOnly:0 HLODRelevant:0 FolderPath:Lighting FolderGuid:963EC3EB4002CCE9759E2EBA541A873A
 |   |   |- Guid:4E04F05C4EEAF2E837D44FBCB065BBAE BaseClass:/Game/Inventory_system/BP_Item.BP_Item_C NativeClass:/Script/Engine.Actor Name:BP_Item_C_UAID_2CF05D849F9E767D01_1286954927 Label:BP_Item SpatiallyLoaded:1 Bounds:IsValid=true, Min=(X=1308.000 Y=598.000 Z=-112.000), Max=(X=1572.000 Y=862.000 Z=152.000) RuntimeGrid:None EditorOnly:0 RuntimeOnly:0 HLODRelevant:0
 |   |   |- Guid:5250BFA742D7904F74244493C3B5CBF9 BaseClass: NativeClass:/Script/Engine.StaticMeshActor Name:StaticMeshActor_UAID_D812651C34341E7E01_1185308515 Label:Cube21 SpatiallyLoaded:1 Bounds:IsValid=true, Min=(X=1285.690 Y=1742.096 Z=87.822), Max=(X=1410.690 Y=1842.096 Z=387.822) RuntimeGrid:None EditorOnly:0 RuntimeOnly:0 HLODRelevant:1
 |   |   |- Guid:5A66AEBE43B7E311347BD2BD31027DFF BaseClass: NativeClass:/Script/Engine.PainCausingVolume Name:PainCausingVolume_UAID_D812656F8D22E37D01_1659614111 Label:PainCausingVolume SpatiallyLoaded:1 Bounds:IsValid=true, Min=(X=1082.133 Y=1655.271 Z=320.280), Max=(X=1632.133 Y=1855.271 Z=620.280) RuntimeGrid:None EditorOnly:0 RuntimeOnly:0 HLODRelevant:0
 |   |   |- Guid:5ABB6079454CA1C44E183FB49B9C643D BaseClass: NativeClass:/Script/Engine.StaticMeshActor Name:StaticMeshActor_UAID_D812651C34341D7E01_2042822329 Label:Cube11 SpatiallyLoaded:1 Bounds:IsValid=true, Min=(X=1223.190 Y=2316.612 Z=165.308), Max=(X=1473.190 Y=2416.612 Z=265.308) RuntimeGrid:None EditorOnly:0 RuntimeOnly:0 HLODRelevant:1
 |   |   |- Guid:5B97F4A64FB21F77EFC44386BF705B4C BaseClass: NativeClass:/Script/Engine.TextRenderActor Name:TextRenderActor_1 Label:TextRenderActor SpatiallyLoaded:1 Bounds:IsValid=true, Min=(X=-0.100 Y=1100.000 Z=65.013), Max=(X=-0.100 Y=2392.308 Z=215.013) RuntimeGrid:None EditorOnly:0 RuntimeOnly:0 HLODRelevant:0
 |   |   |- Guid:5CF5F21149B7CD824B653DAC3B248963 BaseClass:/Game/Inventory_system/BP_Item.BP_Item_C NativeClass:/Script/Engine.Actor Name:BP_Item_C_UAID_D812656F4D88007E01_1339192216 Label:BP_Item4 SpatiallyLoaded:1 Bounds:IsValid=true, Min=(X=2015.903 Y=652.717 Z=-84.000), Max=(X=2213.903 Y=850.717 Z=114.000) RuntimeGrid:None EditorOnly:0 RuntimeOnly:0 HLODRelevant:0
 |   |   |- Guid:6326626941D763186D8F55BC3BE1C798 BaseClass: NativeClass:/Script/Engine.StaticMeshActor Name:StaticMeshActor_UAID_D812651C34341D7E01_1967317322 Label:Cube4 SpatiallyLoaded:1 Bounds:IsValid=true, Min=(X=1223.190 Y=2608.684 Z=-17.422), Max=(X=1473.190 Y=2708.684 Z=82.578) RuntimeGrid:None EditorOnly:0 RuntimeOnly:0 HLODRelevant:1
 |   |   |- Guid:6BAF4DDD444C60371492D3919DB42C97 BaseClass: NativeClass:/Script/Engine.WorldDataLayers Name:WorldDataLayers Label:WorldDataLayers SpatiallyLoaded:0 Bounds:IsValid=true, Min=(X=0.000 Y=0.000 Z=0.000), Max=(X=0.000 Y=0.000 Z=0.000) RuntimeGrid:None EditorOnly:0 RuntimeOnly:0 HLODRelevant:0
 |   |   |- Guid:703E94644D54109FF36906A6BA37D636 BaseClass: NativeClass:/Script/Engine.StaticMeshActor Name:StaticMeshActor_UAID_D812651C34341D7E01_1919467319 Label:Cube SpatiallyLoaded:1 Bounds:IsValid=true, Min=(X=1223.190 Y=2748.033 Z=-88.184), Max=(X=1473.190 Y=2848.033 Z=11.816) RuntimeGrid:None EditorOnly:0 RuntimeOnly:0 HLODRelevant:1
 |   |   |- Guid:8AAA09D848EA19C73C266BAADED30342 BaseClass: NativeClass:/Script/Engine.StaticMeshActor Name:StaticMeshActor_UAID_D812651C34341D7E01_2042819327 Label:Cube9 SpatiallyLoaded:1 Bounds:IsValid=true, Min=(X=1223.190 Y=2404.888 Z=120.320), Max=(X=1473.190 Y=2504.888 Z=220.320) RuntimeGrid:None EditorOnly:0 RuntimeOnly:0 HLODRelevant:1
 |   |   |- Guid:9EA0140D46D871BD65BF8AB00E626E26 BaseClass: NativeClass:/Script/Engine.StaticMeshActor Name:StaticMeshActor_UAID_D812651C34341D7E01_2042821328 Label:Cube10 SpatiallyLoaded:1 Bounds:IsValid=true, Min=(X=1223.190 Y=2364.960 Z=-26.608), Max=(X=1473.190 Y=2464.960 Z=248.392) RuntimeGrid:None EditorOnly:0 RuntimeOnly:0 HLODRelevant:1
 |   |   |- Guid:A426191A498C2FB98C27AC8CE1F215C0 BaseClass: NativeClass:/Script/Engine.StaticMeshActor Name:StaticMeshActor_UAID_D812651C34341D7E01_2042823331 Label:Cube13 SpatiallyLoaded:1 Bounds:IsValid=true, Min=(X=1223.190 Y=2214.318 Z=-48.058), Max=(X=1473.190 Y=2314.318 Z=326.942) RuntimeGrid:None EditorOnly:0 RuntimeOnly:0 HLODRelevant:1
 |   |   |- Guid:A56216954B2165CF0F35A886B537D536 BaseClass: NativeClass:/Script/Engine.StaticMeshActor Name:StaticMeshActor_0 Label:SM_Cube5 SpatiallyLoaded:1 Bounds:IsValid=true, Min=(X=-0.000 Y=100.000 Z=0.000), Max=(X=100.000 Y=3400.000 Z=400.000) RuntimeGrid:None EditorOnly:0 RuntimeOnly:0 HLODRelevant:1 FolderPath:Playground FolderGuid:C73F09FC4215536B1DCE2A9E0A830C70
 |   |   |- Guid:B68752E44B91B39A0E2A48B5873B2581 BaseClass: NativeClass:/Script/Engine.StaticMeshActor Name:StaticMeshActor_UAID_D812651C34341E7E01_1185306514 Label:Cube20 SpatiallyLoaded:1 Bounds:IsValid=true, Min=(X=1285.690 Y=1883.606 Z=87.822), Max=(X=1410.690 Y=1983.606 Z=387.822) RuntimeGrid:None EditorOnly:0 RuntimeOnly:0 HLODRelevant:1
 |   |   |- Guid:B717674C4B7C91D8916B2A802671134E BaseClass:/Game/Inventory_system/BP_Item.BP_Item_C NativeClass:/Script/Engine.Actor Name:BP_Item_C_UAID_D812656F4D88007E01_1378938217 Label:BP_Item5 SpatiallyLoaded:1 Bounds:IsValid=true, Min=(X=2278.905 Y=613.581 Z=-112.000), Max=(X=2542.905 Y=877.581 Z=152.000) RuntimeGrid:None EditorOnly:0 RuntimeOnly:0 HLODRelevant:0
 |   |   |- Guid:B785ED2844B84CFB91E7F39FE661CD99 BaseClass: NativeClass:/Script/Engine.DirectionalLight Name:DirectionalLight_0 Label:DirectionalLight SpatiallyLoaded:0 Bounds:IsValid=true, Min=(X=-1048576.000 Y=-1048576.000 Z=-1048576.000), Max=(X=1048576.000 Y=1048576.000 Z=1048576.000) RuntimeGrid:None EditorOnly:0 RuntimeOnly:0 HLODRelevant:0 FolderPath:Lighting FolderGuid:963EC3EB4002CCE9759E2EBA541A873A
 |   |   |- Guid:BA20DA6240FA6F650D77619BCA896FFF BaseClass: NativeClass:/Script/Engine.StaticMeshActor Name:StaticMeshActor_UAID_D812651C34341E7E01_1177042512 Label:Cube18 SpatiallyLoaded:1 Bounds:IsValid=true, Min=(X=1285.690 Y=1326.975 Z=87.822), Max=(X=1410.690 Y=1426.975 Z=387.822) RuntimeGrid:None EditorOnly:0 RuntimeOnly:0 HLODRelevant:1
 |   |   |- Guid:BA4F115C49F6C06116D7D4A4625F87AC BaseClass: NativeClass:/Script/Engine.StaticMeshActor Name:StaticMeshActor_UAID_D812651C34341E7E01_1138726510 Label:Cube16 SpatiallyLoaded:1 Bounds:IsValid=true, Min=(X=1248.190 Y=1134.439 Z=88.714), Max=(X=1448.190 Y=1309.439 Z=463.714) RuntimeGrid:None EditorOnly:0 RuntimeOnly:0 HLODRelevant:1
 |   |   |- Guid:BC08B79C4EA3C961CFF75EBBE83B367D BaseClass: NativeClass:/Script/Engine.StaticMeshActor Name:StaticMeshActor_5 Label:SM_Cube2 SpatiallyLoaded:1 Bounds:IsValid=true, Min=(X=0.000 Y=0.000 Z=0.000), Max=(X=3000.000 Y=100.000 Z=400.000) RuntimeGrid:None EditorOnly:0 RuntimeOnly:0 HLODRelevant:1 FolderPath:Playground FolderGuid:C73F09FC4215536B1DCE2A9E0A830C70
 |   |   |- Guid:C928C2E24F48571D9303A5887CC94072 BaseClass: NativeClass:/Script/Engine.StaticMeshActor Name:StaticMeshActor_UAID_D812651C34341E7E01_1163563511 Label:Cube17 SpatiallyLoaded:1 Bounds:IsValid=true, Min=(X=1285.690 Y=1468.486 Z=87.822), Max=(X=1410.690 Y=1568.486 Z=387.822) RuntimeGrid:None EditorOnly:0 RuntimeOnly:0 HLODRelevant:1
 |   |   |- Guid:CCFF262C46EEFFDF319E7F9539CE697E BaseClass: NativeClass:/Script/Engine.SkyAtmosphere Name:SkyAtmosphere_0 Label:SkyAtmosphere SpatiallyLoaded:0 Bounds:IsValid=true, Min=(X=0.000 Y=0.000 Z=1020.000), Max=(X=0.000 Y=0.000 Z=1020.000) RuntimeGrid:None EditorOnly:0 RuntimeOnly:0 HLODRelevant:0 FolderPath:Lighting FolderGuid:963EC3EB4002CCE9759E2EBA541A873A
 |   |   |- Guid:D1270BD74371FBD8D1289BBB700EF41F BaseClass: NativeClass:/Script/Engine.StaticMeshActor Name:StaticMeshActor_UAID_D812651C34341D7E01_2042824332 Label:Cube14 SpatiallyLoaded:1 Bounds:IsValid=true, Min=(X=1223.190 Y=2158.263 Z=-20.666), Max=(X=1473.190 Y=2258.263 Z=354.334) RuntimeGrid:None EditorOnly:0 RuntimeOnly:0 HLODRelevant:1
 |   |   |- Guid:DB4CA39B4530ABE09633DFB3700972A9 BaseClass: NativeClass:/Script/Engine.StaticMeshActor Name:StaticMeshActor_UAID_D812651C34341D7E01_2042822330 Label:Cube12 SpatiallyLoaded:1 Bounds:IsValid=true, Min=(X=1223.190 Y=2265.538 Z=-53.729), Max=(X=1473.190 Y=2365.538 Z=296.271) RuntimeGrid:None EditorOnly:0 RuntimeOnly:0 HLODRelevant:1
 |   |   |- Guid:E7FC16D34AB4CA1A453CEE930070968C BaseClass: NativeClass:/Script/Engine.PlayerStart Name:PlayerStart_UAID_D812656F8D22EC7D01_1806770695 Label:PlayerStart SpatiallyLoaded:0 Bounds:IsValid=true, Min=(X=600.000 Y=990.000 Z=58.000), Max=(X=680.000 Y=1070.000 Z=242.000) RuntimeGrid:None EditorOnly:0 RuntimeOnly:0 HLODRelevant:0
 |   |   |- Guid:EC4E0C944CE6AC6E784BC6BB2916EA13 BaseClass: NativeClass:/Script/Engine.StaticMeshActor Name:StaticMeshActor_UAID_A4AE111137DC5EFB00_1110535423 Label:SM_SkySphere SpatiallyLoaded:0 Bounds:IsValid=true, Min=(X=-1638400.000 Y=-1638400.000 Z=-1638400.000), Max=(X=1638400.000 Y=1638400.000 Z=1638400.000) RuntimeGrid:None EditorOnly:0 RuntimeOnly:0 HLODRelevant:1 FolderPath:Lighting FolderGuid:963EC3EB4002CCE9759E2EBA541A873A
 |   |   |- Guid:F05507BE4892C30A5DC2CAB4D3D007C5 BaseClass: NativeClass:/Script/Engine.StaticMeshActor Name:StaticMeshActor_UAID_D812651C34341D7E01_1979940326 Label:Cube8 SpatiallyLoaded:1 Bounds:IsValid=true, Min=(X=1223.190 Y=2435.744 Z=-8.804), Max=(X=1473.190 Y=2535.744 Z=191.196) RuntimeGrid:None EditorOnly:0 RuntimeOnly:0 HLODRelevant:1
 |   |   |- Guid:F082283F4F34F13FB6C9FE94A56E4518 BaseClass: NativeClass:/Script/Engine.StaticMeshActor Name:StaticMeshActor_UAID_D812651C34341D7E01_1979939325 Label:Cube7 SpatiallyLoaded:1 Bounds:IsValid=true, Min=(X=1223.190 Y=2486.818 Z=-12.201), Max=(X=1473.190 Y=2586.818 Z=162.799) RuntimeGrid:None EditorOnly:0 RuntimeOnly:0 HLODRelevant:1
 |   |   |- Guid:F1924B8D48954B30891B2DB6A694F9CC BaseClass: NativeClass:/Script/Engine.StaticMeshActor Name:StaticMeshActor_1 Label:SM_Cube SpatiallyLoaded:1 Bounds:IsValid=true, Min=(X=0.000 Y=0.000 Z=-50.000), Max=(X=3000.000 Y=3500.000 Z=0.000) RuntimeGrid:None EditorOnly:0 RuntimeOnly:0 HLODRelevant:1 FolderPath:Playground FolderGuid:C73F09FC4215536B1DCE2A9E0A830C70
 |   |   |- Guid:F5E3FEB3450C49844FD93DA8E083C8AD BaseClass: NativeClass:/Script/Engine.PostProcessVolume Name:PostProcessVolume_0 Label:PostProcessVolume SpatiallyLoaded:0 Bounds:IsValid=true, Min=(X=0.000 Y=0.000 Z=400.000), Max=(X=200.000 Y=200.000 Z=600.000) RuntimeGrid:None EditorOnly:0 RuntimeOnly:0 HLODRelevant:0 FolderPath:Lighting FolderGuid:963EC3EB4002CCE9759E2EBA541A873A
 |   |   |- Guid:F9D285BD435B956B7EABE0A02A3E5ECE BaseClass: NativeClass:/Script/Engine.StaticMeshActor Name:StaticMeshActor_UAID_D812651C34341D7E01_1979939324 Label:Cube6 SpatiallyLoaded:1 Bounds:IsValid=true, Min=(X=1223.190 Y=2535.165 Z=-21.861), Max=(X=1473.190 Y=2635.165 Z=128.139) RuntimeGrid:None EditorOnly:0 RuntimeOnly:0 HLODRelevant:1
 |   |   |- Guid:FB6B7EC64B966B748FD4CAA0B993A9E7 BaseClass: NativeClass:/Script/Engine.StaticMeshActor Name:StaticMeshActor_UAID_D812651C34341E7E01_1185309516 Label:Cube22 SpatiallyLoaded:1 Bounds:IsValid=true, Min=(X=1285.690 Y=2021.168 Z=87.822), Max=(X=1410.690 Y=2121.168 Z=387.822) RuntimeGrid:None EditorOnly:0 RuntimeOnly:0 HLODRelevant:1
 |   |   |- Guid:FE6899C74196F30E845F44BA2075A5DE BaseClass:/Game/Inventory_system/BP_Item.BP_Item_C NativeClass:/Script/Engine.Actor Name:BP_Item_C_UAID_D812656F8EFE837D01_1561998217 Label:BP_Item2 SpatiallyLoaded:1 Bounds:IsValid=true, Min=(X=1637.632 Y=577.632 Z=-129.282), Max=(X=1942.368 Y=882.368 Z=175.454) RuntimeGrid:None EditorOnly:0 RuntimeOnly:0 HLODRelevant:0
 |   |   |- Guid:FF698C67459ADB4982D7759C0905EE9F BaseClass: NativeClass:/Script/Engine.StaticMeshActor Name:StaticMeshActor_6 Label:SM_Cube3 SpatiallyLoaded:1 Bounds:IsValid=true, Min=(X=0.000 Y=3400.000 Z=0.000), Max=(X=3000.000 Y=3500.000 Z=400.000) RuntimeGrid:None EditorOnly:0 RuntimeOnly:0 HLODRelevant:1 FolderPath:Playground FolderGuid:C73F09FC4215536B1DCE2A9E0A830C70
 |   |- [+] Clusters:
 |   |   |- [+] [  0]
 |   |   |   |- Guid:6BAF4DDD444C60371492D3919DB42C97 BaseClass: NativeClass:/Script/Engine.WorldDataLayers Name:WorldDataLayers Label:WorldDataLayers SpatiallyLoaded:0 Bounds:IsValid=true, Min=(X=0.000 Y=0.000 Z=0.000), Max=(X=0.000 Y=0.000 Z=0.000) RuntimeGrid:None EditorOnly:0 RuntimeOnly:0 HLODRelevant:0
 |   |   |- [+] [  1]
 |   |   |   |- Guid:F5E3FEB3450C49844FD93DA8E083C8AD BaseClass: NativeClass:/Script/Engine.PostProcessVolume Name:PostProcessVolume_0 Label:PostProcessVolume SpatiallyLoaded:0 Bounds:IsValid=true, Min=(X=0.000 Y=0.000 Z=400.000), Max=(X=200.000 Y=200.000 Z=600.000) RuntimeGrid:None EditorOnly:0 RuntimeOnly:0 HLODRelevant:0 FolderPath:Lighting FolderGuid:963EC3EB4002CCE9759E2EBA541A873A
 |   |   |- [+] [  2]
 |   |   |   |- Guid:5B97F4A64FB21F77EFC44386BF705B4C BaseClass: NativeClass:/Script/Engine.TextRenderActor Name:TextRenderActor_1 Label:TextRenderActor SpatiallyLoaded:1 Bounds:IsValid=true, Min=(X=-0.100 Y=1100.000 Z=65.013), Max=(X=-0.100 Y=2392.308 Z=215.013) RuntimeGrid:None EditorOnly:0 RuntimeOnly:0 HLODRelevant:0
 |   |   |- [+] [  3]
 |   |   |   |- Guid:E7FC16D34AB4CA1A453CEE930070968C BaseClass: NativeClass:/Script/Engine.PlayerStart Name:PlayerStart_UAID_D812656F8D22EC7D01_1806770695 Label:PlayerStart SpatiallyLoaded:0 Bounds:IsValid=true, Min=(X=600.000 Y=990.000 Z=58.000), Max=(X=680.000 Y=1070.000 Z=242.000) RuntimeGrid:None EditorOnly:0 RuntimeOnly:0 HLODRelevant:0
 |   |   |- [+] [  4]
 |   |   |   |- Guid:4D3BE93F4146AAAC8BBE79999D96D57F BaseClass: NativeClass:/Script/Engine.VolumetricCloud Name:VolumetricCloud_0 Label:VolumetricCloud SpatiallyLoaded:0 Bounds:IsValid=true, Min=(X=0.000 Y=0.000 Z=820.000), Max=(X=0.000 Y=0.000 Z=820.000) RuntimeGrid:None EditorOnly:0 RuntimeOnly:0 HLODRelevant:0 FolderPath:Lighting FolderGuid:963EC3EB4002CCE9759E2EBA541A873A
 |   |   |- [+] [  5]
 |   |   |   |- Guid:EC4E0C944CE6AC6E784BC6BB2916EA13 BaseClass: NativeClass:/Script/Engine.StaticMeshActor Name:StaticMeshActor_UAID_A4AE111137DC5EFB00_1110535423 Label:SM_SkySphere SpatiallyLoaded:0 Bounds:IsValid=true, Min=(X=-1638400.000 Y=-1638400.000 Z=-1638400.000), Max=(X=1638400.000 Y=1638400.000 Z=1638400.000) RuntimeGrid:None EditorOnly:0 RuntimeOnly:0 HLODRelevant:1 FolderPath:Lighting FolderGuid:963EC3EB4002CCE9759E2EBA541A873A
 |   |   |- [+] [  6]
 |   |   |   |- Guid:CCFF262C46EEFFDF319E7F9539CE697E BaseClass: NativeClass:/Script/Engine.SkyAtmosphere Name:SkyAtmosphere_0 Label:SkyAtmosphere SpatiallyLoaded:0 Bounds:IsValid=true, Min=(X=0.000 Y=0.000 Z=1020.000), Max=(X=0.000 Y=0.000 Z=1020.000) RuntimeGrid:None EditorOnly:0 RuntimeOnly:0 HLODRelevant:0 FolderPath:Lighting FolderGuid:963EC3EB4002CCE9759E2EBA541A873A
 |   |   |- [+] [  7]
 |   |   |   |- Guid:4E04F05C4EEAF2E837D44FBCB065BBAE BaseClass:/Game/Inventory_system/BP_Item.BP_Item_C NativeClass:/Script/Engine.Actor Name:BP_Item_C_UAID_2CF05D849F9E767D01_1286954927 Label:BP_Item SpatiallyLoaded:1 Bounds:IsValid=true, Min=(X=1308.000 Y=598.000 Z=-112.000), Max=(X=1572.000 Y=862.000 Z=152.000) RuntimeGrid:None EditorOnly:0 RuntimeOnly:0 HLODRelevant:0
 |   |   |- [+] [  8]
 |   |   |   |- Guid:B785ED2844B84CFB91E7F39FE661CD99 BaseClass: NativeClass:/Script/Engine.DirectionalLight Name:DirectionalLight_0 Label:DirectionalLight SpatiallyLoaded:0 Bounds:IsValid=true, Min=(X=-1048576.000 Y=-1048576.000 Z=-1048576.000), Max=(X=1048576.000 Y=1048576.000 Z=1048576.000) RuntimeGrid:None EditorOnly:0 RuntimeOnly:0 HLODRelevant:0 FolderPath:Lighting FolderGuid:963EC3EB4002CCE9759E2EBA541A873A
 |   |   |- [+] [  9]
 |   |   |   |- Guid:43815E84492231AFC407F59E3C28176B BaseClass: NativeClass:/Script/Engine.StaticMeshActor Name:StaticMeshActor_4 Label:SM_Cube6 SpatiallyLoaded:1 Bounds:IsValid=true, Min=(X=2900.000 Y=100.000 Z=0.000), Max=(X=3000.000 Y=3400.000 Z=400.000) RuntimeGrid:None EditorOnly:0 RuntimeOnly:0 HLODRelevant:1 FolderPath:Playground FolderGuid:C73F09FC4215536B1DCE2A9E0A830C70
 |   |   |- [+] [ 10]
 |   |   |   |- Guid:316CF2A6494ACA4C0E4180A87D36AB8F BaseClass: NativeClass:/Script/Engine.ExponentialHeightFog Name:ExponentialHeightFog_0 Label:ExponentialHeightFog SpatiallyLoaded:0 Bounds:IsValid=true, Min=(X=-5600.000 Y=-50.000 Z=-6850.000), Max=(X=-5600.000 Y=-50.000 Z=-6850.000) RuntimeGrid:None EditorOnly:0 RuntimeOnly:0 HLODRelevant:0 FolderPath:Lighting FolderGuid:963EC3EB4002CCE9759E2EBA541A873A
 |   |   |- [+] [ 11]
 |   |   |   |- Guid:F1924B8D48954B30891B2DB6A694F9CC BaseClass: NativeClass:/Script/Engine.StaticMeshActor Name:StaticMeshActor_1 Label:SM_Cube SpatiallyLoaded:1 Bounds:IsValid=true, Min=(X=0.000 Y=0.000 Z=-50.000), Max=(X=3000.000 Y=3500.000 Z=0.000) RuntimeGrid:None EditorOnly:0 RuntimeOnly:0 HLODRelevant:1 FolderPath:Playground FolderGuid:C73F09FC4215536B1DCE2A9E0A830C70
 |   |   |- [+] [ 12]
 |   |   |   |- Guid:2FB58999456391D349DC0F86DAC136ED BaseClass: NativeClass:/Script/Engine.SkyLight Name:SkyLight_1 Label:SkyLight SpatiallyLoaded:0 Bounds:IsValid=true, Min=(X=0.000 Y=0.000 Z=690.000), Max=(X=0.000 Y=0.000 Z=690.000) RuntimeGrid:None EditorOnly:0 RuntimeOnly:0 HLODRelevant:0 FolderPath:Lighting FolderGuid:963EC3EB4002CCE9759E2EBA541A873A
 |   |   |- [+] [ 13]
 |   |   |   |- Guid:A56216954B2165CF0F35A886B537D536 BaseClass: NativeClass:/Script/Engine.StaticMeshActor Name:StaticMeshActor_0 Label:SM_Cube5 SpatiallyLoaded:1 Bounds:IsValid=true, Min=(X=-0.000 Y=100.000 Z=0.000), Max=(X=100.000 Y=3400.000 Z=400.000) RuntimeGrid:None EditorOnly:0 RuntimeOnly:0 HLODRelevant:1 FolderPath:Playground FolderGuid:C73F09FC4215536B1DCE2A9E0A830C70
 |   |   |- [+] [ 14]
 |   |   |   |- Guid:1799DB95422399908363DAA04BDC9C8C BaseClass:/Game/Inventory_system/BP_ITEM2.BP_ITEM2_C NativeClass:/Script/Engine.Actor Name:BP_ITEM2_C_UAID_D812656F4D88FD7D01_1909376687 Label:BP_ITEM3 SpatiallyLoaded:1 Bounds:IsValid=true, Min=(X=1145.429 Y=1034.600 Z=333.036), Max=(X=1510.791 Y=1399.963 Z=684.516) RuntimeGrid:None EditorOnly:0 RuntimeOnly:0 HLODRelevant:0
 |   |   |- [+] [ 15]
 |   |   |   |- Guid:BC08B79C4EA3C961CFF75EBBE83B367D BaseClass: NativeClass:/Script/Engine.StaticMeshActor Name:StaticMeshActor_5 Label:SM_Cube2 SpatiallyLoaded:1 Bounds:IsValid=true, Min=(X=0.000 Y=0.000 Z=0.000), Max=(X=3000.000 Y=100.000 Z=400.000) RuntimeGrid:None EditorOnly:0 RuntimeOnly:0 HLODRelevant:1 FolderPath:Playground FolderGuid:C73F09FC4215536B1DCE2A9E0A830C70
 |   |   |- [+] [ 16]
 |   |   |   |- Guid:FE6899C74196F30E845F44BA2075A5DE BaseClass:/Game/Inventory_system/BP_Item.BP_Item_C NativeClass:/Script/Engine.Actor Name:BP_Item_C_UAID_D812656F8EFE837D01_1561998217 Label:BP_Item2 SpatiallyLoaded:1 Bounds:IsValid=true, Min=(X=1637.632 Y=577.632 Z=-129.282), Max=(X=1942.368 Y=882.368 Z=175.454) RuntimeGrid:None EditorOnly:0 RuntimeOnly:0 HLODRelevant:0
 |   |   |- [+] [ 17]
 |   |   |   |- Guid:FF698C67459ADB4982D7759C0905EE9F BaseClass: NativeClass:/Script/Engine.StaticMeshActor Name:StaticMeshActor_6 Label:SM_Cube3 SpatiallyLoaded:1 Bounds:IsValid=true, Min=(X=0.000 Y=3400.000 Z=0.000), Max=(X=3000.000 Y=3500.000 Z=400.000) RuntimeGrid:None EditorOnly:0 RuntimeOnly:0 HLODRelevant:1 FolderPath:Playground FolderGuid:C73F09FC4215536B1DCE2A9E0A830C70
 |   |   |- [+] [ 18]
 |   |   |   |- Guid:2A74EBED4C790EA23C23B7B50A9DAAF1 BaseClass: NativeClass:/Script/Engine.StaticMeshActor Name:StaticMeshActor_UAID_D812656F8EFE837D01_1489726215 Label:SwordAsset SpatiallyLoaded:1 Bounds:IsValid=true, Min=(X=1880.000 Y=630.000 Z=0.000), Max=(X=1880.000 Y=630.000 Z=0.000) RuntimeGrid:None EditorOnly:0 RuntimeOnly:0 HLODRelevant:0
 |   |   |- [+] [ 19]
 |   |   |   |- Guid:5A66AEBE43B7E311347BD2BD31027DFF BaseClass: NativeClass:/Script/Engine.PainCausingVolume Name:PainCausingVolume_UAID_D812656F8D22E37D01_1659614111 Label:PainCausingVolume SpatiallyLoaded:1 Bounds:IsValid=true, Min=(X=1082.133 Y=1655.271 Z=320.280), Max=(X=1632.133 Y=1855.271 Z=620.280) RuntimeGrid:None EditorOnly:0 RuntimeOnly:0 HLODRelevant:0
 |   |   |- [+] [ 20]
 |   |   |   |- Guid:5CF5F21149B7CD824B653DAC3B248963 BaseClass:/Game/Inventory_system/BP_Item.BP_Item_C NativeClass:/Script/Engine.Actor Name:BP_Item_C_UAID_D812656F4D88007E01_1339192216 Label:BP_Item4 SpatiallyLoaded:1 Bounds:IsValid=true, Min=(X=2015.903 Y=652.717 Z=-84.000), Max=(X=2213.903 Y=850.717 Z=114.000) RuntimeGrid:None EditorOnly:0 RuntimeOnly:0 HLODRelevant:0
 |   |   |- [+] [ 21]
 |   |   |   |- Guid:B717674C4B7C91D8916B2A802671134E BaseClass:/Game/Inventory_system/BP_Item.BP_Item_C NativeClass:/Script/Engine.Actor Name:BP_Item_C_UAID_D812656F4D88007E01_1378938217 Label:BP_Item5 SpatiallyLoaded:1 Bounds:IsValid=true, Min=(X=2278.905 Y=613.581 Z=-112.000), Max=(X=2542.905 Y=877.581 Z=152.000) RuntimeGrid:None EditorOnly:0 RuntimeOnly:0 HLODRelevant:0
 |   |   |- [+] [ 22]
 |   |   |   |- Guid:703E94644D54109FF36906A6BA37D636 BaseClass: NativeClass:/Script/Engine.StaticMeshActor Name:StaticMeshActor_UAID_D812651C34341D7E01_1919467319 Label:Cube SpatiallyLoaded:1 Bounds:IsValid=true, Min=(X=1223.190 Y=2748.033 Z=-88.184), Max=(X=1473.190 Y=2848.033 Z=11.816) RuntimeGrid:None EditorOnly:0 RuntimeOnly:0 HLODRelevant:1
 |   |   |- [+] [ 23]
 |   |   |   |- Guid:41E71A0342658F1967F0CD97475B340A BaseClass: NativeClass:/Script/Engine.StaticMeshActor Name:StaticMeshActor_UAID_D812651C34341D7E01_1947161320 Label:Cube2 SpatiallyLoaded:1 Bounds:IsValid=true, Min=(X=1223.190 Y=2708.105 Z=-67.442), Max=(X=1473.190 Y=2808.105 Z=32.558) RuntimeGrid:None EditorOnly:0 RuntimeOnly:0 HLODRelevant:1
 |   |   |- [+] [ 24]
 |   |   |   |- Guid:18B0BD014E4834465387988E3DFBC420 BaseClass: NativeClass:/Script/Engine.StaticMeshActor Name:StaticMeshActor_UAID_D812651C34341D7E01_1950873321 Label:Cube3 SpatiallyLoaded:1 Bounds:IsValid=true, Min=(X=1223.190 Y=2659.757 Z=-43.195), Max=(X=1473.190 Y=2759.757 Z=56.805) RuntimeGrid:None EditorOnly:0 RuntimeOnly:0 HLODRelevant:1
 |   |   |- [+] [ 25]
 |   |   |   |- Guid:6326626941D763186D8F55BC3BE1C798 BaseClass: NativeClass:/Script/Engine.StaticMeshActor Name:StaticMeshActor_UAID_D812651C34341D7E01_1967317322 Label:Cube4 SpatiallyLoaded:1 Bounds:IsValid=true, Min=(X=1223.190 Y=2608.684 Z=-17.422), Max=(X=1473.190 Y=2708.684 Z=82.578) RuntimeGrid:None EditorOnly:0 RuntimeOnly:0 HLODRelevant:1
 |   |   |- [+] [ 26]
 |   |   |   |- Guid:282D5C014C2A06CE186AE7BC438865BC BaseClass: NativeClass:/Script/Engine.StaticMeshActor Name:StaticMeshActor_UAID_D812651C34341D7E01_1979937323 Label:Cube5 SpatiallyLoaded:1 Bounds:IsValid=true, Min=(X=1223.190 Y=2575.093 Z=-48.710), Max=(X=1473.190 Y=2675.093 Z=101.290) RuntimeGrid:None EditorOnly:0 RuntimeOnly:0 HLODRelevant:1
 |   |   |- [+] [ 27]
 |   |   |   |- Guid:F9D285BD435B956B7EABE0A02A3E5ECE BaseClass: NativeClass:/Script/Engine.StaticMeshActor Name:StaticMeshActor_UAID_D812651C34341D7E01_1979939324 Label:Cube6 SpatiallyLoaded:1 Bounds:IsValid=true, Min=(X=1223.190 Y=2535.165 Z=-21.861), Max=(X=1473.190 Y=2635.165 Z=128.139) RuntimeGrid:None EditorOnly:0 RuntimeOnly:0 HLODRelevant:1
 |   |   |- [+] [ 28]
 |   |   |   |- Guid:F082283F4F34F13FB6C9FE94A56E4518 BaseClass: NativeClass:/Script/Engine.StaticMeshActor Name:StaticMeshActor_UAID_D812651C34341D7E01_1979939325 Label:Cube7 SpatiallyLoaded:1 Bounds:IsValid=true, Min=(X=1223.190 Y=2486.818 Z=-12.201), Max=(X=1473.190 Y=2586.818 Z=162.799) RuntimeGrid:None EditorOnly:0 RuntimeOnly:0 HLODRelevant:1
 |   |   |- [+] [ 29]
 |   |   |   |- Guid:F05507BE4892C30A5DC2CAB4D3D007C5 BaseClass: NativeClass:/Script/Engine.StaticMeshActor Name:StaticMeshActor_UAID_D812651C34341D7E01_1979940326 Label:Cube8 SpatiallyLoaded:1 Bounds:IsValid=true, Min=(X=1223.190 Y=2435.744 Z=-8.804), Max=(X=1473.190 Y=2535.744 Z=191.196) RuntimeGrid:None EditorOnly:0 RuntimeOnly:0 HLODRelevant:1
 |   |   |- [+] [ 30]
 |   |   |   |- Guid:8AAA09D848EA19C73C266BAADED30342 BaseClass: NativeClass:/Script/Engine.StaticMeshActor Name:StaticMeshActor_UAID_D812651C34341D7E01_2042819327 Label:Cube9 SpatiallyLoaded:1 Bounds:IsValid=true, Min=(X=1223.190 Y=2404.888 Z=120.320), Max=(X=1473.190 Y=2504.888 Z=220.320) RuntimeGrid:None EditorOnly:0 RuntimeOnly:0 HLODRelevant:1
 |   |   |- [+] [ 31]
 |   |   |   |- Guid:9EA0140D46D871BD65BF8AB00E626E26 BaseClass: NativeClass:/Script/Engine.StaticMeshActor Name:StaticMeshActor_UAID_D812651C34341D7E01_2042821328 Label:Cube10 SpatiallyLoaded:1 Bounds:IsValid=true, Min=(X=1223.190 Y=2364.960 Z=-26.608), Max=(X=1473.190 Y=2464.960 Z=248.392) RuntimeGrid:None EditorOnly:0 RuntimeOnly:0 HLODRelevant:1
 |   |   |- [+] [ 32]
 |   |   |   |- Guid:5ABB6079454CA1C44E183FB49B9C643D BaseClass: NativeClass:/Script/Engine.StaticMeshActor Name:StaticMeshActor_UAID_D812651C34341D7E01_2042822329 Label:Cube11 SpatiallyLoaded:1 Bounds:IsValid=true, Min=(X=1223.190 Y=2316.612 Z=165.308), Max=(X=1473.190 Y=2416.612 Z=265.308) RuntimeGrid:None EditorOnly:0 RuntimeOnly:0 HLODRelevant:1
 |   |   |- [+] [ 33]
 |   |   |   |- Guid:DB4CA39B4530ABE09633DFB3700972A9 BaseClass: NativeClass:/Script/Engine.StaticMeshActor Name:StaticMeshActor_UAID_D812651C34341D7E01_2042822330 Label:Cube12 SpatiallyLoaded:1 Bounds:IsValid=true, Min=(X=1223.190 Y=2265.538 Z=-53.729), Max=(X=1473.190 Y=2365.538 Z=296.271) RuntimeGrid:None EditorOnly:0 RuntimeOnly:0 HLODRelevant:1
 |   |   |- [+] [ 34]
 |   |   |   |- Guid:A426191A498C2FB98C27AC8CE1F215C0 BaseClass: NativeClass:/Script/Engine.StaticMeshActor Name:StaticMeshActor_UAID_D812651C34341D7E01_2042823331 Label:Cube13 SpatiallyLoaded:1 Bounds:IsValid=true, Min=(X=1223.190 Y=2214.318 Z=-48.058), Max=(X=1473.190 Y=2314.318 Z=326.942) RuntimeGrid:None EditorOnly:0 RuntimeOnly:0 HLODRelevant:1
 |   |   |- [+] [ 35]
 |   |   |   |- Guid:D1270BD74371FBD8D1289BBB700EF41F BaseClass: NativeClass:/Script/Engine.StaticMeshActor Name:StaticMeshActor_UAID_D812651C34341D7E01_2042824332 Label:Cube14 SpatiallyLoaded:1 Bounds:IsValid=true, Min=(X=1223.190 Y=2158.263 Z=-20.666), Max=(X=1473.190 Y=2258.263 Z=354.334) RuntimeGrid:None EditorOnly:0 RuntimeOnly:0 HLODRelevant:1
 |   |   |- [+] [ 36]
 |   |   |   |- Guid:279774E94E111F30F83246A7169E67A9 BaseClass: NativeClass:/Script/Engine.StaticMeshActor Name:StaticMeshActor_UAID_D812651C34341D7E01_2042825333 Label:Cube15 SpatiallyLoaded:1 Bounds:IsValid=true, Min=(X=1054.966 Y=1119.934 Z=-18.445), Max=(X=1679.966 Y=2219.934 Z=381.555) RuntimeGrid:None EditorOnly:0 RuntimeOnly:0 HLODRelevant:1
 |   |   |- [+] [ 37]
 |   |   |   |- Guid:BA4F115C49F6C06116D7D4A4625F87AC BaseClass: NativeClass:/Script/Engine.StaticMeshActor Name:StaticMeshActor_UAID_D812651C34341E7E01_1138726510 Label:Cube16 SpatiallyLoaded:1 Bounds:IsValid=true, Min=(X=1248.190 Y=1134.439 Z=88.714), Max=(X=1448.190 Y=1309.439 Z=463.714) RuntimeGrid:None EditorOnly:0 RuntimeOnly:0 HLODRelevant:1
 |   |   |- [+] [ 38]
 |   |   |   |- Guid:C928C2E24F48571D9303A5887CC94072 BaseClass: NativeClass:/Script/Engine.StaticMeshActor Name:StaticMeshActor_UAID_D812651C34341E7E01_1163563511 Label:Cube17 SpatiallyLoaded:1 Bounds:IsValid=true, Min=(X=1285.690 Y=1468.486 Z=87.822), Max=(X=1410.690 Y=1568.486 Z=387.822) RuntimeGrid:None EditorOnly:0 RuntimeOnly:0 HLODRelevant:1
 |   |   |- [+] [ 39]
 |   |   |   |- Guid:BA20DA6240FA6F650D77619BCA896FFF BaseClass: NativeClass:/Script/Engine.StaticMeshActor Name:StaticMeshActor_UAID_D812651C34341E7E01_1177042512 Label:Cube18 SpatiallyLoaded:1 Bounds:IsValid=true, Min=(X=1285.690 Y=1326.975 Z=87.822), Max=(X=1410.690 Y=1426.975 Z=387.822) RuntimeGrid:None EditorOnly:0 RuntimeOnly:0 HLODRelevant:1
 |   |   |- [+] [ 40]
 |   |   |   |- Guid:03B232BB45B3342E6F0306B841AAB353 BaseClass: NativeClass:/Script/Engine.StaticMeshActor Name:StaticMeshActor_UAID_D812651C34341E7E01_1180576513 Label:Cube19 SpatiallyLoaded:1 Bounds:IsValid=true, Min=(X=1285.690 Y=1602.109 Z=87.822), Max=(X=1410.690 Y=1702.109 Z=387.822) RuntimeGrid:None EditorOnly:0 RuntimeOnly:0 HLODRelevant:1
 |   |   |- [+] [ 41]
 |   |   |   |- Guid:B68752E44B91B39A0E2A48B5873B2581 BaseClass: NativeClass:/Script/Engine.StaticMeshActor Name:StaticMeshActor_UAID_D812651C34341E7E01_1185306514 Label:Cube20 SpatiallyLoaded:1 Bounds:IsValid=true, Min=(X=1285.690 Y=1883.606 Z=87.822), Max=(X=1410.690 Y=1983.606 Z=387.822) RuntimeGrid:None EditorOnly:0 RuntimeOnly:0 HLODRelevant:1
 |   |   |- [+] [ 42]
 |   |   |   |- Guid:5250BFA742D7904F74244493C3B5CBF9 BaseClass: NativeClass:/Script/Engine.StaticMeshActor Name:StaticMeshActor_UAID_D812651C34341E7E01_1185308515 Label:Cube21 SpatiallyLoaded:1 Bounds:IsValid=true, Min=(X=1285.690 Y=1742.096 Z=87.822), Max=(X=1410.690 Y=1842.096 Z=387.822) RuntimeGrid:None EditorOnly:0 RuntimeOnly:0 HLODRelevant:1
 |   |   |- [+] [ 43]
 |   |   |   |- Guid:FB6B7EC64B966B748FD4CAA0B993A9E7 BaseClass: NativeClass:/Script/Engine.StaticMeshActor Name:StaticMeshActor_UAID_D812651C34341E7E01_1185309516 Label:Cube22 SpatiallyLoaded:1 Bounds:IsValid=true, Min=(X=1285.690 Y=2021.168 Z=87.822), Max=(X=1410.690 Y=2121.168 Z=387.822) RuntimeGrid:None EditorOnly:0 RuntimeOnly:0 HLODRelevant:1
 |   |   |- [+] [ 44]
 |   |   |   |- Guid:3F3E1FAD4DAA116747E6A19264CB34B8 BaseClass: NativeClass:/Script/Engine.StaticMeshActor Name:StaticMeshActor_UAID_D812651C34341E7E01_1276740517 Label:Cube23 SpatiallyLoaded:1 Bounds:IsValid=true, Min=(X=1273.190 Y=1196.939 Z=459.463), Max=(X=1423.190 Y=1246.939 Z=484.463) RuntimeGrid:None EditorOnly:0 RuntimeOnly:0 HLODRelevant:1
 |- ContainerInstances:
 |- [+] MainContainer:
 |   |-        ID: 0x0000000000000000
 |   |-    Bounds: IsValid=false, Min=(X=0.000 Y=0.000 Z=0.000), Max=(X=0.000 Y=0.000 Z=0.000)
 |   |- Transform: 0.000000,0.000000,0.000000|0.000000,0.000000,-0.000000|1.000000,1.000000,1.000000
 |   |- Container: /Game/ThirdPerson/Maps/ThirdPersonMap
----------------------------------------------------------------------------------------------------------------
ThirdPersonMap - Persistent Level
----------------------------------------------------------------------------------------------------------------
Always loaded Actor Count: 53 

----------------------------------------------------------------------------------------------------------------
ThirdPersonMap - Runtime Spatial Hash - Streaming Grid - MainGrid
----------------------------------------------------------------------------------------------------------------
            Origin: X=0.000 Y=0.000 Z=0.000
         Cell Size: 12800
      World Bounds: IsValid=false, Min=(X=0.000 Y=0.000 Z=0.000), Max=(X=0.000 Y=0.000 Z=0.000)
     Loading Range: 25600.00
Block Slow Loading: No
 ClientOnlyVisible: No

[+] Grid Levels: 1
 |- Level  0: Cell Count    0 | Cell Size   12800 | Actor Count    0 (0.0%)

[+] Content of Grid Level 0

